GeoSys-OUT: Output ------------------------------------------------
#OUTPUT // domain
$PCS_TYPE
 DEFORMATION_FLOW
 $NOD_VALUES
  PRESSURE1
  DISPLACEMENT_X1
  DISPLACEMENT_Y1
  STRESS_XX
  STRESS_XY
  STRESS_YY
  STRESS_ZZ
 $GEO_TYPE
  DOMAIN
 $DAT_TYPE
  PVD
 $TIM_TYPE
  STEPS 1
#OUTPUT // profile
$PCS_TYPE
 DEFORMATION_FLOW
 $NOD_VALUES
  DISPLACEMENT_X1
  DISPLACEMENT_Y1
  STRESS_XX
  STRESS_XY
  STRESS_YY
  STRESS_ZZ
 $GEO_TYPE
  POLYLINE middle_v
 $DAT_TYPE
  TECPLOT
 $TIM_TYPE
  STEPS 1
#OUTPUT
$PCS_TYPE
 DEFORMATION_FLOW
 $NOD_VALUES
  PRESSURE1
  DISPLACEMENT_X1
  DISPLACEMENT_Y1
  STRESS_XX
  STRESS_XY
  STRESS_YY
  STRESS_ZZ
 $GEO_TYPE
  POINT POINT0
 $DAT_TYPE
  TECPLOT
 $TIM_TYPE
 STEPS 1
#OUTPUT
$PCS_TYPE
 DEFORMATION_FLOW
 $NOD_VALUES
  PRESSURE1
  DISPLACEMENT_X1
  DISPLACEMENT_Y1
  STRESS_XX
  STRESS_XY
  STRESS_YY
  STRESS_ZZ
 $GEO_TYPE
  POINT POINT2
 $DAT_TYPE
  TECPLOT
 $TIM_TYPE
 STEPS 1 
#STOP
